\BOOKMARK [0][-]{dummy.1}{\376\377\000D\000e\000c\000l\000a\000r\000a\000t\000i\000o\000n\000\040\000o\000f\000\040\000A\000u\000t\000h\000o\000r\000s\000h\000i\000p}{}% 1
\BOOKMARK [0][-]{dummy.2}{\376\377\000A\000b\000s\000t\000r\000a\000c\000t}{}% 2
\BOOKMARK [0][-]{dummy.3}{\376\377\000A\000c\000k\000n\000o\000w\000l\000e\000d\000g\000e\000m\000e\000n\000t\000s}{}% 3
\BOOKMARK [0][-]{dummy.5}{\376\377\000L\000i\000s\000t\000\040\000o\000f\000\040\000F\000i\000g\000u\000r\000e\000s}{}% 4
\BOOKMARK [0][-]{dummy.7}{\376\377\000L\000i\000s\000t\000\040\000o\000f\000\040\000T\000a\000b\000l\000e\000s}{}% 5
\BOOKMARK [0][-]{dummy.9}{\376\377\000A\000b\000b\000r\000e\000v\000i\000a\000t\000i\000o\000n\000s}{}% 6
\BOOKMARK [0][-]{dummy.12}{\376\377\000P\000h\000y\000s\000i\000c\000a\000l\000\040\000C\000o\000n\000s\000t\000a\000n\000t\000s}{}% 7
\BOOKMARK [0][-]{dummy.15}{\376\377\000S\000y\000m\000b\000o\000l\000s}{}% 8
\BOOKMARK [0][-]{chapter.18}{\376\377\0001\000\040\000I\000n\000t\000r\000o\000d\000u\000c\000t\000i\000o\000n}{}% 9
\BOOKMARK [1][-]{section.19}{\376\377\0001\000.\0001\000\040\000B\000a\000c\000k\000g\000r\000o\000u\000n\000d\000\040\000o\000f\000\040\000S\000t\000u\000d\000y}{chapter.18}% 10
\BOOKMARK [1][-]{section.20}{\376\377\0001\000.\0002\000\040\000I\000m\000p\000l\000i\000c\000a\000t\000i\000o\000n\000s\000\040\000\046\000\040\000s\000o\000l\000u\000t\000i\000o\000n\000s}{chapter.18}% 11
\BOOKMARK [2][-]{subsubsection.21}{\376\377\0001\000.\0002\000.\0000\000.\0001\000\040\000D\000e\000m\000e\000r\000i\000t\000s\000\040\000o\000f\000\040\000C\000l\000a\000s\000s\000i\000c\000a\000l\000\040\000S\000t\000r\000e\000e\000t\000\040\000L\000i\000g\000h\000t}{section.20}% 12
\BOOKMARK [2][-]{subsection.22}{\376\377\0001\000.\0002\000.\0001\000\040\000c\000o\000n\000c\000l\000u\000s\000i\000o\000n}{section.20}% 13
\BOOKMARK [0][-]{chapter.23}{\376\377\0002\000\040\000P\000u\000b\000l\000i\000c\000\040\000S\000t\000r\000e\000e\000t\000\040\000a\000n\000d\000\040\000R\000o\000a\000d\000\040\000L\000i\000g\000h\000t\000i\000n\000g}{}% 14
\BOOKMARK [1][-]{section.24}{\376\377\0002\000.\0001\000\040\000B\000a\000s\000i\000c\000\040\000F\000e\000a\000t\000u\000r\000e\000s\000\040\000o\000f\000\040\000S\000t\000r\000e\000e\000t\000\040\000L\000i\000g\000h\000t\000\040\000L\000u\000m\000i\000n\000a\000i\000r\000e\000s}{chapter.23}% 15
\BOOKMARK [1][-]{section.25}{\376\377\0002\000.\0002\000\040\000M\000a\000i\000n\000\040\000O\000b\000j\000e\000c\000t\000i\000v\000e\000s\000\040\000o\000f\000\040\000S\000t\000r\000e\000e\000t\000\040\000L\000i\000g\000h\000t\000i\000n\000g\000\040\000D\000e\000s\000i\000g\000n\000\040\000S\000c\000h\000e\000m\000e}{chapter.23}% 16
\BOOKMARK [1][-]{section.29}{\376\377\0002\000.\0003\000\040\000M\000a\000i\000n\000\040\000F\000a\000c\000t\000o\000r\000s\000\040\000i\000n\000\040\000t\000h\000e\000\040\000S\000t\000r\000e\000e\000t\000\040\000L\000i\000g\000h\000t\000i\000n\000g\000\040\000D\000e\000s\000i\000g\000n\000\040\000S\000c\000h\000e\000m\000e}{chapter.23}% 17
\BOOKMARK [1][-]{section.31}{\376\377\0002\000.\0004\000\040\000C\000l\000a\000s\000s\000i\000f\000i\000c\000a\000t\000i\000o\000n\000\040\000o\000f\000\040\000R\000o\000a\000d\000s}{chapter.23}% 18
\BOOKMARK [1][-]{section.32}{\376\377\0002\000.\0005\000\040\000T\000y\000p\000e\000s\000\040\000o\000f\000\040\000D\000i\000s\000t\000r\000i\000b\000u\000t\000i\000o\000n\000\040\000o\000f\000\040\000L\000i\000g\000h\000t\000\040\000i\000n\000\040\000R\000o\000a\000d\000w\000a\000y\000\040\000L\000i\000g\000h\000t\000i\000n\000g}{chapter.23}% 19
\BOOKMARK [2][-]{subsection.33}{\376\377\0002\000.\0005\000.\0001\000\040\000T\000h\000e\000\040\000f\000o\000l\000l\000o\000w\000i\000n\000g\000\040\000a\000r\000e\000\040\000t\000h\000e\000\040\000t\000y\000p\000e\000s\000\040\000o\000f\000\040\000v\000e\000r\000t\000i\000c\000a\000l\000\040\000d\000i\000s\000t\000r\000i\000b\000u\000t\000i\000o\000n\000\040\000o\000f\000\040\000l\000i\000g\000h\000t}{section.32}% 20
\BOOKMARK [3][-]{subsubsection.35}{\376\377\0002\000.\0005\000.\0001\000.\0001\000\040\000C\000u\000t\000-\000o\000f\000f}{subsection.33}% 21
\BOOKMARK [3][-]{subsubsection.36}{\376\377\0002\000.\0005\000.\0001\000.\0002\000\040\000N\000o\000n\000-\000c\000u\000t\000-\000o\000f\000f\000\040\000m\000e\000d\000i\000u\000m\000\040\000a\000n\000g\000l\000e\000\040\000b\000e\000a\000m}{subsection.33}% 22
\BOOKMARK [3][-]{subsubsection.37}{\376\377\0002\000.\0005\000.\0001\000.\0003\000\040\000S\000e\000m\000i\000-\000c\000u\000t\000-\000o\000f\000f\000\040\000\050\000n\000o\000n\000-\000c\000u\000t\000-\000o\000f\000f\000\040\000h\000i\000g\000h\000\040\000a\000n\000g\000l\000e\000\040\000b\000e\000a\000m\000\051}{subsection.33}% 23
\BOOKMARK [2][-]{subsection.38}{\376\377\0002\000.\0005\000.\0002\000\040\000T\000h\000e\000\040\000t\000y\000p\000e\000s\000\040\000o\000f\000\040\000h\000o\000r\000i\000z\000o\000n\000t\000\040\000a\000l\000\040\000d\000i\000s\000t\000r\000i\000b\000u\000t\000i\000o\000n\000\040\000o\000f\000\040\000l\000i\000g\000h\000t\000\040\000a\000r\000e}{section.32}% 24
\BOOKMARK [3][-]{subsubsection.40}{\376\377\0002\000.\0005\000.\0002\000.\0001\000\040\000S\000y\000m\000m\000e\000t\000r\000i\000c\000a\000l\000\040\000d\000i\000s\000t\000r\000i\000b\000u\000t\000i\000o\000n}{subsection.38}% 25
\BOOKMARK [3][-]{subsubsection.41}{\376\377\0002\000.\0005\000.\0002\000.\0002\000\040\000A\000x\000i\000a\000l\000\040\000d\000i\000s\000t\000r\000i\000b\000u\000t\000i\000o\000n}{subsection.38}% 26
\BOOKMARK [3][-]{subsubsection.42}{\376\377\0002\000.\0005\000.\0002\000.\0003\000\040\000N\000o\000n\000-\000a\000x\000i\000a\000l\000\040\000d\000i\000s\000t\000r\000i\000b\000u\000t\000i\000o\000n}{subsection.38}% 27
\BOOKMARK [2][-]{subsection.43}{\376\377\0002\000.\0005\000.\0003\000\040\000M\000o\000u\000n\000t\000i\000n\000g\000\040\000H\000e\000i\000g\000h\000t}{section.32}% 28
\BOOKMARK [2][-]{subsection.44}{\376\377\0002\000.\0005\000.\0004\000\040\000S\000p\000a\000c\000i\000n\000g}{section.32}% 29
\BOOKMARK [2][-]{subsection.45}{\376\377\0002\000.\0005\000.\0005\000\040\000O\000u\000t\000r\000e\000a\000c\000h}{section.32}% 30
\BOOKMARK [2][-]{subsection.47}{\376\377\0002\000.\0005\000.\0006\000\040\000O\000v\000e\000r\000h\000a\000n\000g}{section.32}% 31
\BOOKMARK [1][-]{section.48}{\376\377\0002\000.\0006\000\040\000S\000p\000r\000e\000a\000d\000\040\000a\000n\000d\000\040\000T\000h\000r\000o\000w\000\040\000A\000n\000g\000l\000e\000\040\000o\000f\000\040\000S\000t\000r\000e\000e\000t\000\040\000L\000i\000g\000h\000t\000\040\000L\000u\000m\000i\000n\000a\000i\000r\000e}{chapter.23}% 32
\BOOKMARK [2][-]{subsection.49}{\376\377\0002\000.\0006\000.\0001\000\040\000S\000p\000r\000e\000a\000d\000\040\000a\000n\000g\000l\000e}{section.48}% 33
\BOOKMARK [2][-]{subsection.50}{\376\377\0002\000.\0006\000.\0002\000\040\000T\000h\000r\000o\000w\000\040\000a\000n\000g\000l\000e}{section.48}% 34
\BOOKMARK [1][-]{section.51}{\376\377\0002\000.\0007\000\040\000P\000o\000l\000e\000\040\000A\000r\000r\000a\000n\000g\000e\000m\000e\000n\000t\000\040\000S\000c\000h\000e\000m\000e\000s\000\040\000i\000n\000\040\000S\000t\000r\000e\000e\000t\000\040\000L\000i\000g\000h\000t\000i\000n\000g\000\040\000D\000e\000s\000i\000g\000n}{chapter.23}% 35
\BOOKMARK [2][-]{subsection.52}{\376\377\0002\000.\0007\000.\0001\000\040\000S\000i\000n\000g\000l\000e\000\040\000s\000i\000d\000e\000\040\000a\000r\000r\000a\000n\000g\000e\000m\000e\000n\000t}{section.51}% 36
\BOOKMARK [2][-]{subsection.53}{\376\377\0002\000.\0007\000.\0002\000\040\000S\000t\000a\000g\000g\000e\000r\000e\000d\000\040\000a\000r\000r\000a\000n\000g\000e\000m\000e\000n\000t}{section.51}% 37
\BOOKMARK [2][-]{subsection.54}{\376\377\0002\000.\0007\000.\0003\000\040\000O\000p\000p\000o\000s\000i\000t\000e\000\040\000m\000o\000u\000n\000t\000i\000n\000g}{section.51}% 38
\BOOKMARK [2][-]{subsection.55}{\376\377\0002\000.\0007\000.\0004\000\040\000A\000x\000i\000a\000l\000\040\000m\000o\000u\000n\000t\000i\000n\000g}{section.51}% 39
\BOOKMARK [1][-]{section.56}{\376\377\0002\000.\0008\000\040\000R\000e\000c\000o\000m\000m\000e\000n\000d\000e\000d\000\040\000L\000e\000v\000e\000l\000s\000\040\000o\000f\000\040\000I\000l\000l\000u\000m\000i\000n\000a\000t\000i\000o\000n}{chapter.23}% 40
\BOOKMARK [1][-]{section.57}{\376\377\0002\000.\0009\000\040\000I\000l\000l\000u\000m\000i\000n\000a\000t\000i\000o\000n\000\040\000o\000f\000\040\000T\000r\000a\000f\000f\000i\000c\000s\000\040\000R\000o\000t\000a\000r\000i\000e\000s}{chapter.23}% 41
\BOOKMARK [1][-]{section.58}{\376\377\0002\000.\0001\0000\000\040\000I\000l\000l\000u\000m\000i\000n\000a\000t\000i\000o\000n\000\040\000o\000n\000\040\000C\000u\000r\000v\000e\000s}{chapter.23}% 42
\BOOKMARK [1][-]{section.59}{\376\377\0002\000.\0001\0001\000\040\000I\000l\000l\000u\000m\000i\000n\000a\000t\000i\000o\000n\000\040\000o\000f\000\040\000I\000n\000t\000e\000r\000s\000e\000c\000t\000i\000o\000n\000s}{chapter.23}% 43
\BOOKMARK [1][-]{section.60}{\376\377\0002\000.\0001\0002\000\040\000I\000l\000l\000u\000m\000i\000n\000a\000t\000i\000o\000n\000\040\000o\000f\000\040\000B\000r\000i\000d\000g\000e\000s}{chapter.23}% 44
\BOOKMARK [1][-]{section.61}{\376\377\0002\000.\0001\0003\000\040\000H\000i\000g\000h\000-\000M\000a\000s\000t\000\040\000L\000i\000g\000h\000t\000i\000n\000g}{chapter.23}% 45
\BOOKMARK [1][-]{section.62}{\376\377\0002\000.\0001\0004\000\040\000T\000y\000p\000e\000s\000\040\000o\000f\000\040\000L\000i\000g\000h\000t\000s}{chapter.23}% 46
\BOOKMARK [0][-]{appendix.63}{\376\377\000A\000\040\000A\000n\000\040\000A\000p\000p\000e\000n\000d\000i\000x}{}% 47
\BOOKMARK [0][-]{dummy.64}{\376\377\000B\000i\000b\000l\000i\000o\000g\000r\000a\000p\000h\000y}{}% 48
